<?xml version="1.0" encoding="UTF-8"?>
<testng-results skipped="0" failed="0" ignored="0" total="1" passed="1">
  <reporter-output>
  </reporter-output>
  <suite name="Default suite" duration-ms="12400" started-at="2022-03-30T17:46:41 IST" finished-at="2022-03-30T17:46:54 IST">
    <groups>
    </groups>
    <test name="Default test" duration-ms="12400" started-at="2022-03-30T17:46:41 IST" finished-at="2022-03-30T17:46:54 IST">
      <class name="pageObjectModel.RegistrationPageTest">
        <test-method status="PASS" signature="testRegistration()[pri:0, instance:pageObjectModel.RegistrationPageTest@4d41cee]" name="testRegistration" duration-ms="12228" started-at="2022-03-30T17:46:42 IST" finished-at="2022-03-30T17:46:54 IST">
          <reporter-output>
          </reporter-output>
        </test-method> <!-- testRegistration -->
      </class> <!-- pageObjectModel.RegistrationPageTest -->
    </test> <!-- Default test -->
  </suite> <!-- Default suite -->
</testng-results>
